<?xml version="1.0" encoding="UTF-8"?>
<testng-results ignored="0" total="1" passed="1" failed="0" skipped="0">
  <reporter-output>
  </reporter-output>
  <suite started-at="2024-10-11T15:31:11 IST" name="Default suite" finished-at="2024-10-11T15:31:20 IST" duration-ms="8799">
    <groups>
    </groups>
    <test started-at="2024-10-11T15:31:11 IST" name="Default test" finished-at="2024-10-11T15:31:20 IST" duration-ms="8799">
      <class name="validatingUserNameAndPass.Validating_username_and_password">
        <test-method signature="validate_user_pass()[pri:0, instance:validatingUserNameAndPass.Validating_username_and_password@3bf9ce3e]" started-at="2024-10-11T15:31:11 IST" name="validate_user_pass" finished-at="2024-10-11T15:31:20 IST" duration-ms="8714" status="PASS">
          <reporter-output>
          </reporter-output>
        </test-method> <!-- validate_user_pass -->
      </class> <!-- validatingUserNameAndPass.Validating_username_and_password -->
    </test> <!-- Default test -->
  </suite> <!-- Default suite -->
</testng-results>
